2020-10-21 10:41:05.557  INFO 15688 --- [restartedMain] com.lxd.DemoApplication                  : Starting DemoApplication on DESKTOP-O4M9NPK with PID 15688 (started by 20224 in E:\idea project\blog)
2020-10-21 10:41:05.662  INFO 15688 --- [restartedMain] com.lxd.DemoApplication                  : The following profiles are active: pro
2020-10-21 10:41:30.228  WARN 15688 --- [restartedMain] JpaBaseConfiguration$JpaWebConfiguration : spring.jpa.open-in-view is enabled by default. Therefore, database queries may be performed during view rendering. Explicitly configure spring.jpa.open-in-view to disable this warning
2020-10-21 10:41:32.370  INFO 15688 --- [restartedMain] com.lxd.DemoApplication                  : Started DemoApplication in 31.09 seconds (JVM running for 38.943)
2020-10-21 13:46:37.233  INFO 11696 --- [main] com.lxd.DemoApplicationTests             : Starting DemoApplicationTests on DESKTOP-O4M9NPK with PID 11696 (started by 20224 in E:\idea project\blog)
2020-10-21 13:46:37.264  INFO 11696 --- [main] com.lxd.DemoApplicationTests             : The following profiles are active: pro
2020-10-21 13:46:54.283  WARN 11696 --- [main] JpaBaseConfiguration$JpaWebConfiguration : spring.jpa.open-in-view is enabled by default. Therefore, database queries may be performed during view rendering. Explicitly configure spring.jpa.open-in-view to disable this warning
2020-10-21 13:46:56.834  INFO 11696 --- [main] com.lxd.DemoApplicationTests             : Started DemoApplicationTests in 20.995 seconds (JVM running for 24.339)
2021-01-04 11:20:49.314  INFO 14060 --- [restartedMain] com.lxd.DemoApplication                  : Starting DemoApplication on DESKTOP-TC13R13 with PID 14060 (D:\lxd\project\blog\target\classes started by SMH in D:\lxd\project\blog)
2021-01-04 11:20:49.319  INFO 14060 --- [restartedMain] com.lxd.DemoApplication                  : The following profiles are active: pro
2021-01-04 11:20:54.696 ERROR 14060 --- [restartedMain] com.zaxxer.hikari.pool.HikariPool        : HikariPool-1 - Exception during pool initialization.

java.sql.SQLException: Access denied for user 'root'@'222.193.177.194' (using password: YES)
	at com.mysql.cj.jdbc.exceptions.SQLError.createSQLException(SQLError.java:129) ~[mysql-connector-java-8.0.19.jar:8.0.19]
	at com.mysql.cj.jdbc.exceptions.SQLError.createSQLException(SQLError.java:97) ~[mysql-connector-java-8.0.19.jar:8.0.19]
	at com.mysql.cj.jdbc.exceptions.SQLExceptionsMapping.translateException(SQLExceptionsMapping.java:122) ~[mysql-connector-java-8.0.19.jar:8.0.19]
	at com.mysql.cj.jdbc.ConnectionImpl.createNewIO(ConnectionImpl.java:836) ~[mysql-connector-java-8.0.19.jar:8.0.19]
	at com.mysql.cj.jdbc.ConnectionImpl.<init>(ConnectionImpl.java:456) ~[mysql-connector-java-8.0.19.jar:8.0.19]
	at com.mysql.cj.jdbc.ConnectionImpl.getInstance(ConnectionImpl.java:246) ~[mysql-connector-java-8.0.19.jar:8.0.19]
	at com.mysql.cj.jdbc.NonRegisteringDriver.connect(NonRegisteringDriver.java:197) ~[mysql-connector-java-8.0.19.jar:8.0.19]
	at com.zaxxer.hikari.util.DriverDataSource.getConnection(DriverDataSource.java:138) ~[HikariCP-3.4.2.jar:na]
	at com.zaxxer.hikari.pool.PoolBase.newConnection(PoolBase.java:354) ~[HikariCP-3.4.2.jar:na]
	at com.zaxxer.hikari.pool.PoolBase.newPoolEntry(PoolBase.java:202) ~[HikariCP-3.4.2.jar:na]
	at com.zaxxer.hikari.pool.HikariPool.createPoolEntry(HikariPool.java:473) [HikariCP-3.4.2.jar:na]
	at com.zaxxer.hikari.pool.HikariPool.checkFailFast(HikariPool.java:554) [HikariCP-3.4.2.jar:na]
	at com.zaxxer.hikari.pool.HikariPool.<init>(HikariPool.java:115) [HikariCP-3.4.2.jar:na]
	at com.zaxxer.hikari.HikariDataSource.getConnection(HikariDataSource.java:112) [HikariCP-3.4.2.jar:na]
	at org.hibernate.engine.jdbc.connections.internal.DatasourceConnectionProviderImpl.getConnection(DatasourceConnectionProviderImpl.java:122) [hibernate-core-5.4.12.Final.jar:5.4.12.Final]
	at org.hibernate.engine.jdbc.env.internal.JdbcEnvironmentInitiator$ConnectionProviderJdbcConnectionAccess.obtainConnection(JdbcEnvironmentInitiator.java:180) [hibernate-core-5.4.12.Final.jar:5.4.12.Final]
	at org.hibernate.engine.jdbc.env.internal.JdbcEnvironmentInitiator.initiateService(JdbcEnvironmentInitiator.java:68) [hibernate-core-5.4.12.Final.jar:5.4.12.Final]
	at org.hibernate.engine.jdbc.env.internal.JdbcEnvironmentInitiator.initiateService(JdbcEnvironmentInitiator.java:35) [hibernate-core-5.4.12.Final.jar:5.4.12.Final]
	at org.hibernate.boot.registry.internal.StandardServiceRegistryImpl.initiateService(StandardServiceRegistryImpl.java:101) [hibernate-core-5.4.12.Final.jar:5.4.12.Final]
	at org.hibernate.service.internal.AbstractServiceRegistryImpl.createService(AbstractServiceRegistryImpl.java:263) [hibernate-core-5.4.12.Final.jar:5.4.12.Final]
	at org.hibernate.service.internal.AbstractServiceRegistryImpl.initializeService(AbstractServiceRegistryImpl.java:237) [hibernate-core-5.4.12.Final.jar:5.4.12.Final]
	at org.hibernate.service.internal.AbstractServiceRegistryImpl.getService(AbstractServiceRegistryImpl.java:214) [hibernate-core-5.4.12.Final.jar:5.4.12.Final]
	at org.hibernate.id.factory.internal.DefaultIdentifierGeneratorFactory.injectServices(DefaultIdentifierGeneratorFactory.java:152) [hibernate-core-5.4.12.Final.jar:5.4.12.Final]
	at org.hibernate.service.internal.AbstractServiceRegistryImpl.injectDependencies(AbstractServiceRegistryImpl.java:286) [hibernate-core-5.4.12.Final.jar:5.4.12.Final]
	at org.hibernate.service.internal.AbstractServiceRegistryImpl.initializeService(AbstractServiceRegistryImpl.java:243) [hibernate-core-5.4.12.Final.jar:5.4.12.Final]
	at org.hibernate.service.internal.AbstractServiceRegistryImpl.getService(AbstractServiceRegistryImpl.java:214) [hibernate-core-5.4.12.Final.jar:5.4.12.Final]
	at org.hibernate.boot.internal.InFlightMetadataCollectorImpl.<init>(InFlightMetadataCollectorImpl.java:176) [hibernate-core-5.4.12.Final.jar:5.4.12.Final]
	at org.hibernate.boot.model.process.spi.MetadataBuildingProcess.complete(MetadataBuildingProcess.java:118) [hibernate-core-5.4.12.Final.jar:5.4.12.Final]
	at org.hibernate.jpa.boot.internal.EntityManagerFactoryBuilderImpl.metadata(EntityManagerFactoryBuilderImpl.java:1202) [hibernate-core-5.4.12.Final.jar:5.4.12.Final]
	at org.hibernate.jpa.boot.internal.EntityManagerFactoryBuilderImpl.build(EntityManagerFactoryBuilderImpl.java:1233) [hibernate-core-5.4.12.Final.jar:5.4.12.Final]
	at org.springframework.orm.jpa.vendor.SpringHibernateJpaPersistenceProvider.createContainerEntityManagerFactory(SpringHibernateJpaPersistenceProvider.java:58) [spring-orm-5.2.4.RELEASE.jar:5.2.4.RELEASE]
	at org.springframework.orm.jpa.LocalContainerEntityManagerFactoryBean.createNativeEntityManagerFactory(LocalContainerEntityManagerFactoryBean.java:365) [spring-orm-5.2.4.RELEASE.jar:5.2.4.RELEASE]
	at org.springframework.orm.jpa.AbstractEntityManagerFactoryBean.buildNativeEntityManagerFactory(AbstractEntityManagerFactoryBean.java:391) [spring-orm-5.2.4.RELEASE.jar:5.2.4.RELEASE]
	at org.springframework.orm.jpa.AbstractEntityManagerFactoryBean.afterPropertiesSet(AbstractEntityManagerFactoryBean.java:378) [spring-orm-5.2.4.RELEASE.jar:5.2.4.RELEASE]
	at org.springframework.orm.jpa.LocalContainerEntityManagerFactoryBean.afterPropertiesSet(LocalContainerEntityManagerFactoryBean.java:341) [spring-orm-5.2.4.RELEASE.jar:5.2.4.RELEASE]
	at org.springframework.beans.factory.support.AbstractAutowireCapableBeanFactory.invokeInitMethods(AbstractAutowireCapableBeanFactory.java:1855) [spring-beans-5.2.4.RELEASE.jar:5.2.4.RELEASE]
	at org.springframework.beans.factory.support.AbstractAutowireCapableBeanFactory.initializeBean(AbstractAutowireCapableBeanFactory.java:1792) [spring-beans-5.2.4.RELEASE.jar:5.2.4.RELEASE]
	at org.springframework.beans.factory.support.AbstractAutowireCapableBeanFactory.doCreateBean(AbstractAutowireCapableBeanFactory.java:595) [spring-beans-5.2.4.RELEASE.jar:5.2.4.RELEASE]
	at org.springframework.beans.factory.support.AbstractAutowireCapableBeanFactory.createBean(AbstractAutowireCapableBeanFactory.java:517) [spring-beans-5.2.4.RELEASE.jar:5.2.4.RELEASE]
	at org.springframework.beans.factory.support.AbstractBeanFactory.lambda$doGetBean$0(AbstractBeanFactory.java:323) [spring-beans-5.2.4.RELEASE.jar:5.2.4.RELEASE]
	at org.springframework.beans.factory.support.DefaultSingletonBeanRegistry.getSingleton(DefaultSingletonBeanRegistry.java:222) ~[spring-beans-5.2.4.RELEASE.jar:5.2.4.RELEASE]
	at org.springframework.beans.factory.support.AbstractBeanFactory.doGetBean(AbstractBeanFactory.java:321) [spring-beans-5.2.4.RELEASE.jar:5.2.4.RELEASE]
	at org.springframework.beans.factory.support.AbstractBeanFactory.getBean(AbstractBeanFactory.java:202) [spring-beans-5.2.4.RELEASE.jar:5.2.4.RELEASE]
	at org.springframework.context.support.AbstractApplicationContext.getBean(AbstractApplicationContext.java:1108) ~[spring-context-5.2.4.RELEASE.jar:5.2.4.RELEASE]
	at org.springframework.context.support.AbstractApplicationContext.finishBeanFactoryInitialization(AbstractApplicationContext.java:868) ~[spring-context-5.2.4.RELEASE.jar:5.2.4.RELEASE]
	at org.springframework.context.support.AbstractApplicationContext.refresh(AbstractApplicationContext.java:550) ~[spring-context-5.2.4.RELEASE.jar:5.2.4.RELEASE]
	at org.springframework.boot.web.servlet.context.ServletWebServerApplicationContext.refresh(ServletWebServerApplicationContext.java:141) ~[spring-boot-2.2.5.RELEASE.jar:2.2.5.RELEASE]
	at org.springframework.boot.SpringApplication.refresh(SpringApplication.java:747) ~[spring-boot-2.2.5.RELEASE.jar:2.2.5.RELEASE]
	at org.springframework.boot.SpringApplication.refreshContext(SpringApplication.java:397) ~[spring-boot-2.2.5.RELEASE.jar:2.2.5.RELEASE]
	at org.springframework.boot.SpringApplication.run(SpringApplication.java:315) ~[spring-boot-2.2.5.RELEASE.jar:2.2.5.RELEASE]
	at org.springframework.boot.SpringApplication.run(SpringApplication.java:1226) ~[spring-boot-2.2.5.RELEASE.jar:2.2.5.RELEASE]
	at org.springframework.boot.SpringApplication.run(SpringApplication.java:1215) ~[spring-boot-2.2.5.RELEASE.jar:2.2.5.RELEASE]
	at com.lxd.DemoApplication.main(DemoApplication.java:23) ~[classes/:na]
	at sun.reflect.NativeMethodAccessorImpl.invoke0(Native Method) ~[na:1.8.0_151]
	at sun.reflect.NativeMethodAccessorImpl.invoke(NativeMethodAccessorImpl.java:62) ~[na:1.8.0_151]
	at sun.reflect.DelegatingMethodAccessorImpl.invoke(DelegatingMethodAccessorImpl.java:43) ~[na:1.8.0_151]
	at java.lang.reflect.Method.invoke(Method.java:498) ~[na:1.8.0_151]
	at org.springframework.boot.devtools.restart.RestartLauncher.run(RestartLauncher.java:49) ~[spring-boot-devtools-2.2.5.RELEASE.jar:2.2.5.RELEASE]

2021-01-04 11:20:54.698  WARN 14060 --- [restartedMain] o.h.e.j.e.i.JdbcEnvironmentInitiator     : HHH000342: Could not obtain connection to query metadata : Access denied for user 'root'@'222.193.177.194' (using password: YES)
2021-01-04 11:20:54.702  WARN 14060 --- [restartedMain] ConfigServletWebServerApplicationContext : Exception encountered during context initialization - cancelling refresh attempt: org.springframework.beans.factory.BeanCreationException: Error creating bean with name 'entityManagerFactory' defined in class path resource [org/springframework/boot/autoconfigure/orm/jpa/HibernateJpaConfiguration.class]: Invocation of init method failed; nested exception is org.hibernate.service.spi.ServiceException: Unable to create requested service [org.hibernate.engine.jdbc.env.spi.JdbcEnvironment]
2021-01-04 11:20:54.727 ERROR 14060 --- [restartedMain] o.s.boot.SpringApplication               : Application run failed

org.springframework.beans.factory.BeanCreationException: Error creating bean with name 'entityManagerFactory' defined in class path resource [org/springframework/boot/autoconfigure/orm/jpa/HibernateJpaConfiguration.class]: Invocation of init method failed; nested exception is org.hibernate.service.spi.ServiceException: Unable to create requested service [org.hibernate.engine.jdbc.env.spi.JdbcEnvironment]
	at org.springframework.beans.factory.support.AbstractAutowireCapableBeanFactory.initializeBean(AbstractAutowireCapableBeanFactory.java:1796) ~[spring-beans-5.2.4.RELEASE.jar:5.2.4.RELEASE]
	at org.springframework.beans.factory.support.AbstractAutowireCapableBeanFactory.doCreateBean(AbstractAutowireCapableBeanFactory.java:595) ~[spring-beans-5.2.4.RELEASE.jar:5.2.4.RELEASE]
	at org.springframework.beans.factory.support.AbstractAutowireCapableBeanFactory.createBean(AbstractAutowireCapableBeanFactory.java:517) ~[spring-beans-5.2.4.RELEASE.jar:5.2.4.RELEASE]
	at org.springframework.beans.factory.support.AbstractBeanFactory.lambda$doGetBean$0(AbstractBeanFactory.java:323) ~[spring-beans-5.2.4.RELEASE.jar:5.2.4.RELEASE]
	at org.springframework.beans.factory.support.DefaultSingletonBeanRegistry.getSingleton(DefaultSingletonBeanRegistry.java:222) ~[spring-beans-5.2.4.RELEASE.jar:5.2.4.RELEASE]
	at org.springframework.beans.factory.support.AbstractBeanFactory.doGetBean(AbstractBeanFactory.java:321) ~[spring-beans-5.2.4.RELEASE.jar:5.2.4.RELEASE]
	at org.springframework.beans.factory.support.AbstractBeanFactory.getBean(AbstractBeanFactory.java:202) ~[spring-beans-5.2.4.RELEASE.jar:5.2.4.RELEASE]
	at org.springframework.context.support.AbstractApplicationContext.getBean(AbstractApplicationContext.java:1108) ~[spring-context-5.2.4.RELEASE.jar:5.2.4.RELEASE]
	at org.springframework.context.support.AbstractApplicationContext.finishBeanFactoryInitialization(AbstractApplicationContext.java:868) ~[spring-context-5.2.4.RELEASE.jar:5.2.4.RELEASE]
	at org.springframework.context.support.AbstractApplicationContext.refresh(AbstractApplicationContext.java:550) ~[spring-context-5.2.4.RELEASE.jar:5.2.4.RELEASE]
	at org.springframework.boot.web.servlet.context.ServletWebServerApplicationContext.refresh(ServletWebServerApplicationContext.java:141) ~[spring-boot-2.2.5.RELEASE.jar:2.2.5.RELEASE]
	at org.springframework.boot.SpringApplication.refresh(SpringApplication.java:747) [spring-boot-2.2.5.RELEASE.jar:2.2.5.RELEASE]
	at org.springframework.boot.SpringApplication.refreshContext(SpringApplication.java:397) [spring-boot-2.2.5.RELEASE.jar:2.2.5.RELEASE]
	at org.springframework.boot.SpringApplication.run(SpringApplication.java:315) [spring-boot-2.2.5.RELEASE.jar:2.2.5.RELEASE]
	at org.springframework.boot.SpringApplication.run(SpringApplication.java:1226) [spring-boot-2.2.5.RELEASE.jar:2.2.5.RELEASE]
	at org.springframework.boot.SpringApplication.run(SpringApplication.java:1215) [spring-boot-2.2.5.RELEASE.jar:2.2.5.RELEASE]
	at com.lxd.DemoApplication.main(DemoApplication.java:23) [classes/:na]
	at sun.reflect.NativeMethodAccessorImpl.invoke0(Native Method) ~[na:1.8.0_151]
	at sun.reflect.NativeMethodAccessorImpl.invoke(NativeMethodAccessorImpl.java:62) ~[na:1.8.0_151]
	at sun.reflect.DelegatingMethodAccessorImpl.invoke(DelegatingMethodAccessorImpl.java:43) ~[na:1.8.0_151]
	at java.lang.reflect.Method.invoke(Method.java:498) ~[na:1.8.0_151]
	at org.springframework.boot.devtools.restart.RestartLauncher.run(RestartLauncher.java:49) [spring-boot-devtools-2.2.5.RELEASE.jar:2.2.5.RELEASE]
Caused by: org.hibernate.service.spi.ServiceException: Unable to create requested service [org.hibernate.engine.jdbc.env.spi.JdbcEnvironment]
	at org.hibernate.service.internal.AbstractServiceRegistryImpl.createService(AbstractServiceRegistryImpl.java:275) ~[hibernate-core-5.4.12.Final.jar:5.4.12.Final]
	at org.hibernate.service.internal.AbstractServiceRegistryImpl.initializeService(AbstractServiceRegistryImpl.java:237) ~[hibernate-core-5.4.12.Final.jar:5.4.12.Final]
	at org.hibernate.service.internal.AbstractServiceRegistryImpl.getService(AbstractServiceRegistryImpl.java:214) ~[hibernate-core-5.4.12.Final.jar:5.4.12.Final]
	at org.hibernate.id.factory.internal.DefaultIdentifierGeneratorFactory.injectServices(DefaultIdentifierGeneratorFactory.java:152) ~[hibernate-core-5.4.12.Final.jar:5.4.12.Final]
	at org.hibernate.service.internal.AbstractServiceRegistryImpl.injectDependencies(AbstractServiceRegistryImpl.java:286) ~[hibernate-core-5.4.12.Final.jar:5.4.12.Final]
	at org.hibernate.service.internal.AbstractServiceRegistryImpl.initializeService(AbstractServiceRegistryImpl.java:243) ~[hibernate-core-5.4.12.Final.jar:5.4.12.Final]
	at org.hibernate.service.internal.AbstractServiceRegistryImpl.getService(AbstractServiceRegistryImpl.java:214) ~[hibernate-core-5.4.12.Final.jar:5.4.12.Final]
	at org.hibernate.boot.internal.InFlightMetadataCollectorImpl.<init>(InFlightMetadataCollectorImpl.java:176) ~[hibernate-core-5.4.12.Final.jar:5.4.12.Final]
	at org.hibernate.boot.model.process.spi.MetadataBuildingProcess.complete(MetadataBuildingProcess.java:118) ~[hibernate-core-5.4.12.Final.jar:5.4.12.Final]
	at org.hibernate.jpa.boot.internal.EntityManagerFactoryBuilderImpl.metadata(EntityManagerFactoryBuilderImpl.java:1202) ~[hibernate-core-5.4.12.Final.jar:5.4.12.Final]
	at org.hibernate.jpa.boot.internal.EntityManagerFactoryBuilderImpl.build(EntityManagerFactoryBuilderImpl.java:1233) ~[hibernate-core-5.4.12.Final.jar:5.4.12.Final]
	at org.springframework.orm.jpa.vendor.SpringHibernateJpaPersistenceProvider.createContainerEntityManagerFactory(SpringHibernateJpaPersistenceProvider.java:58) ~[spring-orm-5.2.4.RELEASE.jar:5.2.4.RELEASE]
	at org.springframework.orm.jpa.LocalContainerEntityManagerFactoryBean.createNativeEntityManagerFactory(LocalContainerEntityManagerFactoryBean.java:365) ~[spring-orm-5.2.4.RELEASE.jar:5.2.4.RELEASE]
	at org.springframework.orm.jpa.AbstractEntityManagerFactoryBean.buildNativeEntityManagerFactory(AbstractEntityManagerFactoryBean.java:391) ~[spring-orm-5.2.4.RELEASE.jar:5.2.4.RELEASE]
	at org.springframework.orm.jpa.AbstractEntityManagerFactoryBean.afterPropertiesSet(AbstractEntityManagerFactoryBean.java:378) ~[spring-orm-5.2.4.RELEASE.jar:5.2.4.RELEASE]
	at org.springframework.orm.jpa.LocalContainerEntityManagerFactoryBean.afterPropertiesSet(LocalContainerEntityManagerFactoryBean.java:341) ~[spring-orm-5.2.4.RELEASE.jar:5.2.4.RELEASE]
	at org.springframework.beans.factory.support.AbstractAutowireCapableBeanFactory.invokeInitMethods(AbstractAutowireCapableBeanFactory.java:1855) ~[spring-beans-5.2.4.RELEASE.jar:5.2.4.RELEASE]
	at org.springframework.beans.factory.support.AbstractAutowireCapableBeanFactory.initializeBean(AbstractAutowireCapableBeanFactory.java:1792) ~[spring-beans-5.2.4.RELEASE.jar:5.2.4.RELEASE]
	... 21 common frames omitted
Caused by: org.hibernate.HibernateException: Access to DialectResolutionInfo cannot be null when 'hibernate.dialect' not set
	at org.hibernate.engine.jdbc.dialect.internal.DialectFactoryImpl.determineDialect(DialectFactoryImpl.java:100) ~[hibernate-core-5.4.12.Final.jar:5.4.12.Final]
	at org.hibernate.engine.jdbc.dialect.internal.DialectFactoryImpl.buildDialect(DialectFactoryImpl.java:54) ~[hibernate-core-5.4.12.Final.jar:5.4.12.Final]
	at org.hibernate.engine.jdbc.env.internal.JdbcEnvironmentInitiator.initiateService(JdbcEnvironmentInitiator.java:137) ~[hibernate-core-5.4.12.Final.jar:5.4.12.Final]
	at org.hibernate.engine.jdbc.env.internal.JdbcEnvironmentInitiator.initiateService(JdbcEnvironmentInitiator.java:35) ~[hibernate-core-5.4.12.Final.jar:5.4.12.Final]
	at org.hibernate.boot.registry.internal.StandardServiceRegistryImpl.initiateService(StandardServiceRegistryImpl.java:101) ~[hibernate-core-5.4.12.Final.jar:5.4.12.Final]
	at org.hibernate.service.internal.AbstractServiceRegistryImpl.createService(AbstractServiceRegistryImpl.java:263) ~[hibernate-core-5.4.12.Final.jar:5.4.12.Final]
	... 38 common frames omitted

2021-01-04 12:34:44.984  INFO 7240 --- [restartedMain] com.lxd.DemoApplication                  : Starting DemoApplication on DESKTOP-TC13R13 with PID 7240 (D:\lxd\project\blog\target\classes started by SMH in D:\lxd\project\blog)
2021-01-04 12:34:44.992  INFO 7240 --- [restartedMain] com.lxd.DemoApplication                  : The following profiles are active: pro
2021-01-04 12:34:50.500  WARN 7240 --- [restartedMain] JpaBaseConfiguration$JpaWebConfiguration : spring.jpa.open-in-view is enabled by default. Therefore, database queries may be performed during view rendering. Explicitly configure spring.jpa.open-in-view to disable this warning
2021-01-04 12:34:51.193  INFO 7240 --- [restartedMain] com.lxd.DemoApplication                  : Started DemoApplication in 6.692 seconds (JVM running for 8.163)
2021-01-04 12:35:22.541  INFO 7240 --- [http-nio-8080-exec-1] com.lxd.aspect.LogAspect                 : Request RequestLog{url='/', ip='0:0:0:0:0:0:0:1', classMethod='com.lxd.web.indexController.index', args=[Page request [number: 0, size 8, sort: updateTime: DESC], {}]}
2021-01-04 12:35:22.542  INFO 7240 --- [http-nio-8080-exec-1] com.lxd.aspect.LogAspect                 : --------------doBefore--------
2021-01-04 12:35:23.225  WARN 7240 --- [http-nio-8080-exec-1] org.hibernate.orm.deprecation            : HHH90000016: Found use of deprecated 'collection property' syntax in HQL/JPQL query [t.blogs.size]; use collection function syntax instead [size(t.blogs)].
2021-01-04 12:35:23.250  WARN 7240 --- [http-nio-8080-exec-1] org.hibernate.orm.deprecation            : HHH90000016: Found use of deprecated 'collection property' syntax in HQL/JPQL query [t.blogs.size]; use collection function syntax instead [size(t.blogs)].
2021-01-04 12:35:23.299  INFO 7240 --- [http-nio-8080-exec-1] com.lxd.aspect.LogAspect                 : result:{}index
2021-01-04 12:35:24.543  INFO 7240 --- [http-nio-8080-exec-6] com.lxd.aspect.LogAspect                 : Request RequestLog{url='/echarts', ip='0:0:0:0:0:0:0:1', classMethod='com.lxd.web.indexController.echarts', args=[org.apache.catalina.connector.RequestFacade@b15eccb]}
2021-01-04 12:35:24.544  INFO 7240 --- [http-nio-8080-exec-6] com.lxd.aspect.LogAspect                 : --------------doBefore--------
2021-01-04 12:35:24.586  INFO 7240 --- [http-nio-8080-exec-6] com.lxd.aspect.LogAspect                 : result:{}[{value=3, name=JavaScript}, {value=9, name=Java}, {value=1, name=linux}, {value=1, name=Tomcat}, {value=1, name=mysql}, {value=1, name=echarts}, {value=1, name=TCP/IP协议}]
2021-01-04 12:36:29.404  INFO 7912 --- [restartedMain] com.lxd.DemoApplication                  : Starting DemoApplication on DESKTOP-TC13R13 with PID 7912 (D:\lxd\project\blog\target\classes started by SMH in D:\lxd\project\blog)
2021-01-04 12:36:29.410  INFO 7912 --- [restartedMain] com.lxd.DemoApplication                  : The following profiles are active: pro
2021-01-04 12:36:34.830  WARN 7912 --- [restartedMain] JpaBaseConfiguration$JpaWebConfiguration : spring.jpa.open-in-view is enabled by default. Therefore, database queries may be performed during view rendering. Explicitly configure spring.jpa.open-in-view to disable this warning
2021-01-04 12:36:35.482  INFO 7912 --- [restartedMain] com.lxd.DemoApplication                  : Started DemoApplication in 7.933 seconds (JVM running for 10.514)
2021-01-04 12:36:41.036  INFO 7912 --- [http-nio-8080-exec-1] com.lxd.aspect.LogAspect                 : Request RequestLog{url='/', ip='0:0:0:0:0:0:0:1', classMethod='com.lxd.web.indexController.index', args=[Page request [number: 0, size 8, sort: updateTime: DESC], {}]}
2021-01-04 12:36:41.038  INFO 7912 --- [http-nio-8080-exec-1] com.lxd.aspect.LogAspect                 : --------------doBefore--------
2021-01-04 12:36:41.928  WARN 7912 --- [http-nio-8080-exec-1] org.hibernate.orm.deprecation            : HHH90000016: Found use of deprecated 'collection property' syntax in HQL/JPQL query [t.blogs.size]; use collection function syntax instead [size(t.blogs)].
2021-01-04 12:36:42.030  WARN 7912 --- [http-nio-8080-exec-1] org.hibernate.orm.deprecation            : HHH90000016: Found use of deprecated 'collection property' syntax in HQL/JPQL query [t.blogs.size]; use collection function syntax instead [size(t.blogs)].
2021-01-04 12:36:42.190  INFO 7912 --- [http-nio-8080-exec-1] com.lxd.aspect.LogAspect                 : result:{}index
2021-01-04 12:36:43.259  INFO 7912 --- [http-nio-8080-exec-6] com.lxd.aspect.LogAspect                 : Request RequestLog{url='/echarts', ip='0:0:0:0:0:0:0:1', classMethod='com.lxd.web.indexController.echarts', args=[org.apache.catalina.connector.RequestFacade@268c486f]}
2021-01-04 12:36:43.261  INFO 7912 --- [http-nio-8080-exec-6] com.lxd.aspect.LogAspect                 : --------------doBefore--------
2021-01-04 12:36:43.307  INFO 7912 --- [http-nio-8080-exec-6] com.lxd.aspect.LogAspect                 : result:{}[{value=3, name=JavaScript}, {value=9, name=Java}, {value=1, name=linux}, {value=1, name=Tomcat}, {value=1, name=mysql}, {value=1, name=echarts}, {value=1, name=TCP/IP协议}]
2021-01-04 12:36:50.459  INFO 7912 --- [http-nio-8080-exec-8] com.lxd.aspect.LogAspect                 : Request RequestLog{url='/to/toTypes', ip='0:0:0:0:0:0:0:1', classMethod='com.lxd.web.ToController.toTypes', args=[{}]}
2021-01-04 12:36:50.459  INFO 7912 --- [http-nio-8080-exec-8] com.lxd.aspect.LogAspect                 : --------------doBefore--------
2021-01-04 12:36:51.086  INFO 7912 --- [http-nio-8080-exec-8] com.lxd.aspect.LogAspect                 : result:{}types
2021-01-04 12:36:57.959  INFO 7912 --- [http-nio-8080-exec-6] com.lxd.aspect.LogAspect                 : Request RequestLog{url='/to/toIndex1', ip='0:0:0:0:0:0:0:1', classMethod='com.lxd.web.ToController.toIndex1', args=[{}]}
2021-01-04 12:36:57.959  INFO 7912 --- [http-nio-8080-exec-6] com.lxd.aspect.LogAspect                 : --------------doBefore--------
2021-01-04 12:36:58.218  INFO 7912 --- [http-nio-8080-exec-6] com.lxd.aspect.LogAspect                 : result:{}redirect:/
2021-01-04 12:36:58.233  INFO 7912 --- [http-nio-8080-exec-4] com.lxd.aspect.LogAspect                 : Request RequestLog{url='/', ip='0:0:0:0:0:0:0:1', classMethod='com.lxd.web.indexController.index', args=[Page request [number: 0, size 8, sort: updateTime: DESC], {}]}
2021-01-04 12:36:58.233  INFO 7912 --- [http-nio-8080-exec-4] com.lxd.aspect.LogAspect                 : --------------doBefore--------
2021-01-04 12:36:58.851  INFO 7912 --- [http-nio-8080-exec-4] com.lxd.aspect.LogAspect                 : result:{}index
2021-01-04 12:36:59.848  INFO 7912 --- [http-nio-8080-exec-7] com.lxd.aspect.LogAspect                 : Request RequestLog{url='/echarts', ip='0:0:0:0:0:0:0:1', classMethod='com.lxd.web.indexController.echarts', args=[org.apache.catalina.connector.RequestFacade@274d0cf0]}
2021-01-04 12:36:59.848  INFO 7912 --- [http-nio-8080-exec-7] com.lxd.aspect.LogAspect                 : --------------doBefore--------
2021-01-04 12:36:59.862  INFO 7912 --- [http-nio-8080-exec-7] com.lxd.aspect.LogAspect                 : result:{}[{value=3, name=JavaScript}, {value=9, name=Java}, {value=1, name=linux}, {value=1, name=Tomcat}, {value=1, name=mysql}, {value=1, name=echarts}, {value=1, name=TCP/IP协议}]
2021-01-04 12:40:46.025  INFO 9084 --- [restartedMain] com.lxd.DemoApplication                  : Starting DemoApplication on DESKTOP-TC13R13 with PID 9084 (D:\lxd\project\blog\target\classes started by SMH in D:\lxd\project\blog)
2021-01-04 12:40:46.032  INFO 9084 --- [restartedMain] com.lxd.DemoApplication                  : The following profiles are active: pro
2021-01-04 12:40:51.230  WARN 9084 --- [restartedMain] JpaBaseConfiguration$JpaWebConfiguration : spring.jpa.open-in-view is enabled by default. Therefore, database queries may be performed during view rendering. Explicitly configure spring.jpa.open-in-view to disable this warning
2021-01-04 12:40:51.921  INFO 9084 --- [restartedMain] com.lxd.DemoApplication                  : Started DemoApplication in 6.395 seconds (JVM running for 7.839)
2021-01-04 12:42:18.050  INFO 4380 --- [restartedMain] com.lxd.DemoApplication                  : Starting DemoApplication on DESKTOP-TC13R13 with PID 4380 (D:\lxd\project\blog\target\classes started by SMH in D:\lxd\project\blog)
2021-01-04 12:42:18.059  INFO 4380 --- [restartedMain] com.lxd.DemoApplication                  : The following profiles are active: pro
2021-01-04 12:42:23.081  WARN 4380 --- [restartedMain] JpaBaseConfiguration$JpaWebConfiguration : spring.jpa.open-in-view is enabled by default. Therefore, database queries may be performed during view rendering. Explicitly configure spring.jpa.open-in-view to disable this warning
2021-01-04 12:42:23.737  INFO 4380 --- [restartedMain] com.lxd.DemoApplication                  : Started DemoApplication in 6.185 seconds (JVM running for 7.644)
2021-01-04 12:42:35.760  INFO 4380 --- [http-nio-8080-exec-1] com.lxd.aspect.LogAspect                 : Request RequestLog{url='/', ip='0:0:0:0:0:0:0:1', classMethod='com.lxd.web.indexController.index', args=[Page request [number: 0, size 8, sort: updateTime: DESC], {}]}
2021-01-04 12:42:35.762  INFO 4380 --- [http-nio-8080-exec-1] com.lxd.aspect.LogAspect                 : --------------doBefore--------
2021-01-04 12:42:36.343  WARN 4380 --- [http-nio-8080-exec-1] org.hibernate.orm.deprecation            : HHH90000016: Found use of deprecated 'collection property' syntax in HQL/JPQL query [t.blogs.size]; use collection function syntax instead [size(t.blogs)].
2021-01-04 12:42:36.369  WARN 4380 --- [http-nio-8080-exec-1] org.hibernate.orm.deprecation            : HHH90000016: Found use of deprecated 'collection property' syntax in HQL/JPQL query [t.blogs.size]; use collection function syntax instead [size(t.blogs)].
2021-01-04 12:42:36.469  INFO 4380 --- [http-nio-8080-exec-1] com.lxd.aspect.LogAspect                 : result:{}index
2021-01-04 12:42:37.562  INFO 4380 --- [http-nio-8080-exec-6] com.lxd.aspect.LogAspect                 : Request RequestLog{url='/echarts', ip='0:0:0:0:0:0:0:1', classMethod='com.lxd.web.indexController.echarts', args=[org.apache.catalina.connector.RequestFacade@7555986f]}
2021-01-04 12:42:37.562  INFO 4380 --- [http-nio-8080-exec-6] com.lxd.aspect.LogAspect                 : --------------doBefore--------
2021-01-04 12:42:37.598  INFO 4380 --- [http-nio-8080-exec-6] com.lxd.aspect.LogAspect                 : result:{}[{value=3, name=JavaScript}, {value=9, name=Java}, {value=1, name=linux}, {value=1, name=Tomcat}, {value=1, name=mysql}, {value=1, name=echarts}, {value=1, name=TCP/IP协议}]
2021-01-04 12:43:20.371  INFO 4380 --- [http-nio-8080-exec-9] com.lxd.aspect.LogAspect                 : Request RequestLog{url='/to/toTypes', ip='0:0:0:0:0:0:0:1', classMethod='com.lxd.web.ToController.toTypes', args=[{}]}
2021-01-04 12:43:20.371  INFO 4380 --- [http-nio-8080-exec-9] com.lxd.aspect.LogAspect                 : --------------doBefore--------
2021-01-04 12:43:20.909  INFO 4380 --- [http-nio-8080-exec-9] com.lxd.aspect.LogAspect                 : result:{}types
2021-01-04 12:43:24.612  INFO 4380 --- [http-nio-8080-exec-6] com.lxd.aspect.LogAspect                 : Request RequestLog{url='/to/toTags', ip='0:0:0:0:0:0:0:1', classMethod='com.lxd.web.ToController.toTags', args=[{}]}
2021-01-04 12:43:24.612  INFO 4380 --- [http-nio-8080-exec-6] com.lxd.aspect.LogAspect                 : --------------doBefore--------
2021-01-04 12:43:25.503  INFO 4380 --- [http-nio-8080-exec-6] com.lxd.aspect.LogAspect                 : result:{}tags
2021-01-04 12:43:28.662  INFO 4380 --- [http-nio-8080-exec-3] com.lxd.aspect.LogAspect                 : Request RequestLog{url='/to/toArchives', ip='0:0:0:0:0:0:0:1', classMethod='com.lxd.web.ToController.toArchives', args=[{}]}
2021-01-04 12:43:28.662  INFO 4380 --- [http-nio-8080-exec-3] com.lxd.aspect.LogAspect                 : --------------doBefore--------
2021-01-04 12:43:29.688  INFO 4380 --- [http-nio-8080-exec-3] com.lxd.aspect.LogAspect                 : result:{}archives
2021-01-04 12:43:42.991  INFO 4380 --- [http-nio-8080-exec-8] com.lxd.aspect.LogAspect                 : Request RequestLog{url='/to/toAbout', ip='0:0:0:0:0:0:0:1', classMethod='com.lxd.web.ToController.toAbout', args=[{}]}
2021-01-04 12:43:42.991  INFO 4380 --- [http-nio-8080-exec-8] com.lxd.aspect.LogAspect                 : --------------doBefore--------
2021-01-04 12:43:43.565  INFO 4380 --- [http-nio-8080-exec-8] com.lxd.aspect.LogAspect                 : result:{}about
2021-01-04 12:43:48.476  INFO 4380 --- [http-nio-8080-exec-7] com.lxd.aspect.LogAspect                 : Request RequestLog{url='/to/toIndex1', ip='0:0:0:0:0:0:0:1', classMethod='com.lxd.web.ToController.toIndex1', args=[{}]}
2021-01-04 12:43:48.476  INFO 4380 --- [http-nio-8080-exec-7] com.lxd.aspect.LogAspect                 : --------------doBefore--------
2021-01-04 12:43:48.732  INFO 4380 --- [http-nio-8080-exec-7] com.lxd.aspect.LogAspect                 : result:{}redirect:/
2021-01-04 12:43:48.749  INFO 4380 --- [http-nio-8080-exec-5] com.lxd.aspect.LogAspect                 : Request RequestLog{url='/', ip='0:0:0:0:0:0:0:1', classMethod='com.lxd.web.indexController.index', args=[Page request [number: 0, size 8, sort: updateTime: DESC], {}]}
2021-01-04 12:43:48.750  INFO 4380 --- [http-nio-8080-exec-5] com.lxd.aspect.LogAspect                 : --------------doBefore--------
2021-01-04 12:43:49.771  INFO 4380 --- [http-nio-8080-exec-5] com.lxd.aspect.LogAspect                 : result:{}index
2021-01-04 12:43:50.459  INFO 4380 --- [http-nio-8080-exec-10] com.lxd.aspect.LogAspect                 : Request RequestLog{url='/echarts', ip='0:0:0:0:0:0:0:1', classMethod='com.lxd.web.indexController.echarts', args=[org.apache.catalina.connector.RequestFacade@35c95700]}
2021-01-04 12:43:50.460  INFO 4380 --- [http-nio-8080-exec-10] com.lxd.aspect.LogAspect                 : --------------doBefore--------
2021-01-04 12:43:50.475  INFO 4380 --- [http-nio-8080-exec-10] com.lxd.aspect.LogAspect                 : result:{}[{value=3, name=JavaScript}, {value=9, name=Java}, {value=1, name=linux}, {value=1, name=Tomcat}, {value=1, name=mysql}, {value=1, name=echarts}, {value=1, name=TCP/IP协议}]
2021-01-04 12:43:53.444  INFO 4380 --- [http-nio-8080-exec-2] com.lxd.aspect.LogAspect                 : Request RequestLog{url='/to/toArchives', ip='0:0:0:0:0:0:0:1', classMethod='com.lxd.web.ToController.toArchives', args=[{}]}
2021-01-04 12:43:53.444  INFO 4380 --- [http-nio-8080-exec-2] com.lxd.aspect.LogAspect                 : --------------doBefore--------
2021-01-04 12:43:53.749  INFO 4380 --- [http-nio-8080-exec-2] com.lxd.aspect.LogAspect                 : result:{}archives
2021-01-04 12:52:18.002  INFO 8476 --- [restartedMain] com.lxd.DemoApplication                  : Starting DemoApplication on DESKTOP-TC13R13 with PID 8476 (D:\lxd\project\blog\target\classes started by SMH in D:\lxd\project\blog)
2021-01-04 12:52:18.007  INFO 8476 --- [restartedMain] com.lxd.DemoApplication                  : The following profiles are active: pro
2021-01-04 12:52:23.222  WARN 8476 --- [restartedMain] JpaBaseConfiguration$JpaWebConfiguration : spring.jpa.open-in-view is enabled by default. Therefore, database queries may be performed during view rendering. Explicitly configure spring.jpa.open-in-view to disable this warning
2021-01-04 12:52:23.879  INFO 8476 --- [restartedMain] com.lxd.DemoApplication                  : Started DemoApplication in 6.372 seconds (JVM running for 7.904)
2021-01-04 12:52:28.730  INFO 8476 --- [http-nio-8080-exec-1] com.lxd.aspect.LogAspect                 : Request RequestLog{url='/to/toArchives', ip='0:0:0:0:0:0:0:1', classMethod='com.lxd.web.ToController.toArchives', args=[{}]}
2021-01-04 12:52:28.732  INFO 8476 --- [http-nio-8080-exec-1] com.lxd.aspect.LogAspect                 : --------------doBefore--------
2021-01-04 12:52:29.652  INFO 8476 --- [http-nio-8080-exec-1] com.lxd.aspect.LogAspect                 : result:{}archives
2021-01-04 12:53:02.890  INFO 14444 --- [restartedMain] com.lxd.DemoApplication                  : Starting DemoApplication on DESKTOP-TC13R13 with PID 14444 (D:\lxd\project\blog\target\classes started by SMH in D:\lxd\project\blog)
2021-01-04 12:53:02.894  INFO 14444 --- [restartedMain] com.lxd.DemoApplication                  : The following profiles are active: pro
2021-01-04 12:53:07.996  WARN 14444 --- [restartedMain] JpaBaseConfiguration$JpaWebConfiguration : spring.jpa.open-in-view is enabled by default. Therefore, database queries may be performed during view rendering. Explicitly configure spring.jpa.open-in-view to disable this warning
2021-01-04 12:53:08.649  INFO 14444 --- [restartedMain] com.lxd.DemoApplication                  : Started DemoApplication in 6.252 seconds (JVM running for 7.672)
2021-01-04 13:02:10.567  INFO 14444 --- [http-nio-8080-exec-1] com.lxd.aspect.LogAspect                 : Request RequestLog{url='/to/toArchives', ip='0:0:0:0:0:0:0:1', classMethod='com.lxd.web.ToController.toArchives', args=[{}]}
2021-01-04 13:02:10.568  INFO 14444 --- [http-nio-8080-exec-1] com.lxd.aspect.LogAspect                 : --------------doBefore--------
2021-01-04 13:02:11.804  INFO 14444 --- [http-nio-8080-exec-1] com.lxd.aspect.LogAspect                 : result:{}archives
2021-01-04 13:02:14.766  INFO 14444 --- [http-nio-8080-exec-10] com.lxd.aspect.LogAspect                 : Request RequestLog{url='/blog/3', ip='0:0:0:0:0:0:0:1', classMethod='com.lxd.web.indexController.blog', args=[3, {}]}
2021-01-04 13:02:14.766  INFO 14444 --- [http-nio-8080-exec-10] com.lxd.aspect.LogAspect                 : --------------doBefore--------
2021-01-04 13:02:15.104  INFO 14444 --- [http-nio-8080-exec-10] com.lxd.aspect.LogAspect                 : result:{}blog
2021-01-04 13:02:50.525  INFO 14444 --- [http-nio-8080-exec-5] com.lxd.aspect.LogAspect                 : Request RequestLog{url='/', ip='0:0:0:0:0:0:0:1', classMethod='com.lxd.web.indexController.index', args=[Page request [number: 0, size 8, sort: updateTime: DESC], {}]}
2021-01-04 13:02:50.525  INFO 14444 --- [http-nio-8080-exec-5] com.lxd.aspect.LogAspect                 : --------------doBefore--------
2021-01-04 13:02:51.158  WARN 14444 --- [http-nio-8080-exec-5] org.hibernate.orm.deprecation            : HHH90000016: Found use of deprecated 'collection property' syntax in HQL/JPQL query [t.blogs.size]; use collection function syntax instead [size(t.blogs)].
2021-01-04 13:02:51.186  WARN 14444 --- [http-nio-8080-exec-5] org.hibernate.orm.deprecation            : HHH90000016: Found use of deprecated 'collection property' syntax in HQL/JPQL query [t.blogs.size]; use collection function syntax instead [size(t.blogs)].
2021-01-04 13:02:51.340  INFO 14444 --- [http-nio-8080-exec-5] com.lxd.aspect.LogAspect                 : result:{}index
2021-01-04 13:02:52.499  INFO 14444 --- [http-nio-8080-exec-10] com.lxd.aspect.LogAspect                 : Request RequestLog{url='/echarts', ip='0:0:0:0:0:0:0:1', classMethod='com.lxd.web.indexController.echarts', args=[org.apache.catalina.connector.RequestFacade@4f58e8b6]}
2021-01-04 13:02:52.499  INFO 14444 --- [http-nio-8080-exec-10] com.lxd.aspect.LogAspect                 : --------------doBefore--------
2021-01-04 13:02:52.558  INFO 14444 --- [http-nio-8080-exec-10] com.lxd.aspect.LogAspect                 : result:{}[{value=3, name=JavaScript}, {value=9, name=Java}, {value=1, name=linux}, {value=1, name=Tomcat}, {value=1, name=mysql}, {value=1, name=echarts}, {value=1, name=TCP/IP协议}]
2021-01-04 13:06:00.502  INFO 12800 --- [restartedMain] com.lxd.DemoApplication                  : Starting DemoApplication on DESKTOP-TC13R13 with PID 12800 (D:\lxd\project\blog\target\classes started by SMH in D:\lxd\project\blog)
2021-01-04 13:06:00.507  INFO 12800 --- [restartedMain] com.lxd.DemoApplication                  : The following profiles are active: pro
2021-01-04 13:06:11.461  WARN 12800 --- [restartedMain] JpaBaseConfiguration$JpaWebConfiguration : spring.jpa.open-in-view is enabled by default. Therefore, database queries may be performed during view rendering. Explicitly configure spring.jpa.open-in-view to disable this warning
2021-01-04 13:06:12.150  INFO 12800 --- [restartedMain] com.lxd.DemoApplication                  : Started DemoApplication in 12.18 seconds (JVM running for 13.705)
2021-01-04 13:06:31.604  INFO 12800 --- [http-nio-8080-exec-1] com.lxd.aspect.LogAspect                 : Request RequestLog{url='/test/tofileUpload', ip='0:0:0:0:0:0:0:1', classMethod='com.lxd.web.UploadTest.tofileUpload', args=[{}]}
2021-01-04 13:06:31.605  INFO 12800 --- [http-nio-8080-exec-1] com.lxd.aspect.LogAspect                 : --------------doBefore--------
2021-01-04 13:06:31.911  INFO 12800 --- [http-nio-8080-exec-1] com.lxd.aspect.LogAspect                 : result:{}fileUploadTest
2021-01-04 13:07:11.821  INFO 12800 --- [http-nio-8080-exec-9] com.lxd.aspect.LogAspect                 : Request RequestLog{url='/to/toAdmin', ip='0:0:0:0:0:0:0:1', classMethod='com.lxd.web.ToController.toAdmin', args=[]}
2021-01-04 13:07:11.821  INFO 12800 --- [http-nio-8080-exec-9] com.lxd.aspect.LogAspect                 : --------------doBefore--------
2021-01-04 13:07:11.828  INFO 12800 --- [http-nio-8080-exec-9] com.lxd.aspect.LogAspect                 : result:{}admin/login
2021-01-04 13:07:45.534  INFO 12800 --- [http-nio-8080-exec-6] com.lxd.aspect.LogAspect                 : Request RequestLog{url='/to/toAdmin', ip='0:0:0:0:0:0:0:1', classMethod='com.lxd.web.ToController.toAdmin', args=[]}
2021-01-04 13:07:45.536  INFO 12800 --- [http-nio-8080-exec-6] com.lxd.aspect.LogAspect                 : --------------doBefore--------
2021-01-04 13:07:45.537  INFO 12800 --- [http-nio-8080-exec-6] com.lxd.aspect.LogAspect                 : result:{}admin/login
2021-01-04 13:07:56.954  INFO 12800 --- [http-nio-8080-exec-9] com.lxd.aspect.LogAspect                 : Request RequestLog{url='/to/toArchives', ip='0:0:0:0:0:0:0:1', classMethod='com.lxd.web.ToController.toArchives', args=[{}]}
2021-01-04 13:07:56.955  INFO 12800 --- [http-nio-8080-exec-9] com.lxd.aspect.LogAspect                 : --------------doBefore--------
2021-01-04 13:08:00.589  INFO 12800 --- [http-nio-8080-exec-9] com.lxd.aspect.LogAspect                 : result:{}archives
2021-01-04 13:12:01.539  INFO 3952 --- [restartedMain] com.lxd.DemoApplication                  : Starting DemoApplication on DESKTOP-TC13R13 with PID 3952 (D:\lxd\project\blog\target\classes started by SMH in D:\lxd\project\blog)
2021-01-04 13:12:01.541  INFO 3952 --- [restartedMain] com.lxd.DemoApplication                  : The following profiles are active: pro
2021-01-04 13:12:08.128  WARN 3952 --- [restartedMain] JpaBaseConfiguration$JpaWebConfiguration : spring.jpa.open-in-view is enabled by default. Therefore, database queries may be performed during view rendering. Explicitly configure spring.jpa.open-in-view to disable this warning
2021-01-04 13:12:08.793  INFO 3952 --- [restartedMain] com.lxd.DemoApplication                  : Started DemoApplication in 7.869 seconds (JVM running for 9.758)
